{
    "Role": {
        "Path": "/",
        "RoleName": "lambda-example",
        "RoleId": "AROA6KF7IRWGYA6WOHZ64",
        "Arn": "arn:aws:iam::983948627341:role/lambda-example",
        "CreateDate": "2022-11-25T14:01:25+00:00",
        "AssumeRolePolicyDocument": {
            "Version": "2012-10-17",
            "Statement": [
                {
                    "Effect": "Allow",
                    "Principal": {
                        "Service": "lambda.amazonaws.com"
                    },
                    "Action": "sts:AssumeRole"
                }
            ]
        }
    }
}
